<?xml version="1.0" encoding="UTF-8" ?>
<testsuite errors="0" failures="0" hostname="LAPTOP-JHUB77O8" name="com.test.CalculatorTest" skipped="0" tests="8" time="0.109" timestamp="2021-05-18T15:45:22">
  <properties>
    <property name="sun.desktop" value="windows" />
    <property name="awt.toolkit" value="sun.awt.windows.WToolkit" />
    <property name="ant.library.dir" value="E:\apache-ant-1.10.10\lib" />
    <property name="ant.file.type" value="file" />
    <property name="java.specification.version" value="11" />
    <property name="ant.project.name" value="Calculate" />
    <property name="report.path" value="report" />
    <property name="sun.cpu.isalist" value="amd64" />
    <property name="sun.jnu.encoding" value="GBK" />
    <property name="cal_jar" value="cal.jar" />
    <property name="ant.file.Calculate" value="D:\软件质量与测试\earth\build.xml" />
    <property name="java.class.path" value="D:\软件质量与测试\earth\lib\hamcrest-core-1.3.jar;D:\软件质量与测试\earth\lib\junit-4.10.jar;D:\软件质量与测试\earth\buildx;D:\软件质量与测试\earth;E:\java\bin;E:\apache-ant-1.10.10\lib\ant-launcher.jar;E:\apache-ant-1.10.10\lib\ant.jar;E:\apache-ant-1.10.10\lib\ant-junit.jar;E:\apache-ant-1.10.10\lib\ant-junit4.jar" />
    <property name="lib.path" value="lib" />
    <property name="java.vm.vendor" value="Oracle Corporation" />
    <property name="sun.arch.data.model" value="64" />
    <property name="user.variant" value="" />
    <property name="java.vendor.url" value="http://java.oracle.com/" />
    <property name="user.timezone" value="" />
    <property name="os.name" value="Windows 10" />
    <property name="java.vm.specification.version" value="11" />
    <property name="user.country" value="CN" />
    <property name="sun.java.launcher" value="SUN_STANDARD" />
    <property name="sun.boot.library.path" value="E:\java\bin" />
    <property name="sun.java.command" value="org.apache.tools.ant.taskdefs.optional.junit.JUnitTestRunner com.test.CalculatorTest skipNonTests=false filtertrace=true haltOnError=false haltOnFailure=false formatter=org.apache.tools.ant.taskdefs.optional.junit.SummaryJUnitResultFormatter showoutput=false outputtoformatters=true logfailedtests=true threadid=0 logtestlistenerevents=false formatter=org.apache.tools.ant.taskdefs.optional.junit.XMLJUnitResultFormatter,D:\软件质量与测试\earth\report\TEST-com.test.CalculatorTest.xml crashfile=D:\软件质量与测试\earth\junitvmwatcher17963530451610396321.properties propsfile=D:\软件质量与测试\earth\junit4155721081663254481.properties" />
    <property name="jdk.debug" value="release" />
    <property name="sun.cpu.endian" value="little" />
    <property name="user.home" value="C:\Users\THINKPAD" />
    <property name="user.language" value="zh" />
    <property name="sun.stderr.encoding" value="ms936" />
    <property name="java.specification.vendor" value="Oracle Corporation" />
    <property name="java.version.date" value="2019-01-15" />
    <property name="java.home" value="E:\java" />
    <property name="file.separator" value="\" />
    <property name="basedir" value="D:\软件质量与测试\earth" />
    <property name="java.vm.compressedOopsMode" value="Zero based" />
    <property name="line.separator" value="&#xd;&#xa;" />
    <property name="sun.stdout.encoding" value="ms936" />
    <property name="ant.java.version" value="11" />
    <property name="java.vm.specification.vendor" value="Oracle Corporation" />
    <property name="java.specification.name" value="Java Platform API Specification" />
    <property name="src.path" value="src/com/company" />
    <property name="java.awt.graphicsenv" value="sun.awt.Win32GraphicsEnvironment" />
    <property name="ant.file.type.Calculate" value="file" />
    <property name="user.script" value="" />
    <property name="sun.management.compiler" value="HotSpot 64-Bit Tiered Compilers" />
    <property name="java.runtime.version" value="11.0.2+9-LTS" />
    <property name="user.name" value="THINKPAD" />
    <property name="ant.file" value="D:\软件质量与测试\earth\build.xml" />
    <property name="path.separator" value=";" />
    <property name="os.version" value="10.0" />
    <property name="java.runtime.name" value="Java(TM) SE Runtime Environment" />
    <property name="ant.project.invoked-targets" value="junit" />
    <property name="file.encoding" value="GBK" />
    <property name="java.vm.name" value="Java HotSpot(TM) 64-Bit Server VM" />
    <property name="java.vendor.version" value="18.9" />
    <property name="ant.core.lib" value="E:\apache-ant-1.10.10\lib\ant.jar" />
    <property name="java.vendor.url.bug" value="http://bugreport.java.com/bugreport/" />
    <property name="java.io.tmpdir" value="C:\Users\THINKPAD\AppData\Local\Temp\" />
    <property name="build.path" value="buildx" />
    <property name="java.version" value="11.0.2" />
    <property name="src" value="src" />
    <property name="user.dir" value="D:\软件质量与测试\earth" />
    <property name="os.arch" value="amd64" />
    <property name="java.vm.specification.name" value="Java Virtual Machine Specification" />
    <property name="java.awt.printerjob" value="sun.awt.windows.WPrinterJob" />
    <property name="ant.home" value="E:\apache-ant-1.10.10" />
    <property name="sun.os.patch.level" value="" />
    <property name="ant.version" value="Apache Ant(TM) version 1.10.10 compiled on April 12 2021" />
    <property name="java.library.path" value="E:\java\bin;C:\WINDOWS\Sun\Java\bin;C:\WINDOWS\system32;C:\WINDOWS;C:\Program Files (x86)\Intel\iCLS Client\;C:\Program Files\NVIDIA GPU Computing Toolkit\CUDA\v10.1\bin;C:\Program Files\NVIDIA GPU Computing Toolkit\CUDA\v10.1\libnvvp;D:\anaconda;D:\anaconda\Library\mingw-w64\bin;D:\anaconda\Library\usr\bin;D:\anaconda\Library\bin;D:\anaconda\Scripts;E:\python\python3.7.2\Scripts\;E:\python\python3.7.2\;E:\Scripts\;E:\;C:\Program Files\Intel\Intel(R) Management Engine Components\iCLS\;C:\Windows\System32;C:\Windows;C:\Windows\System32\wbem;C:\Windows\System32\WindowsPowerShell\v1.0\;C:\Windows\System32\OpenSSH\;E:\java\bin;E:\java\jre\bin;C:\Program Files (x86)\Microsoft SQL Server\90\Tools\Binn\;E:\git\cmd;E:\node\;E:\nodejs\node_global;C:\Program Files\dotnet\;C:\Program Files\Microsoft SQL Server\130\Tools\Binn\;C:\Program Files\Microsoft SQL Server\Client SDK\ODBC\170\Tools\Binn\;E:\Graphviz\bin\dot.exe;D:\anaconda\Lib\site-packages\pyqt5_tools;E:\cmake\bin;C:\Program Files (x86)\NVIDIA Corporation\PhysX\Common;C:\Program Files\NVIDIA GPU Computing Toolkit\CUDA\v10.2\lib\x64;C:\Program Files\NVIDIA GPU Computing Toolkit\CUDA\v10.2;C:\Program Files\NVIDIA Corporation\NVIDIA NvDLISR;C:\Program Files\Intel\WiFi\bin\;C:\Program Files\Common Files\Intel\WirelessCommon\;C:\Program Files\NVIDIA Corporation\Nsight Compute 2019.1\;D:\BigDataAndLinux\putty\p\;C:\Program Files (x86)\Intel\Intel(R) Management Engine Components\DAL;C:\Program Files\Intel\Intel(R) Management Engine Components\DAL;C:\Program Files (x86)\Microsoft SQL Server\100\Tools\Binn\;D:\DataBase\sql\100\Tools\Binn\;D:\DataBase\sql\100\DTS\Binn\;C:\Program Files (x86)\Microsoft SQL Server\100\Tools\Binn\VSShell\Common7\IDE\;E:\vs2008\Common7\IDE\PrivateAssemblies\;C:\Program Files (x86)\Microsoft SQL Server\100\DTS\Binn\;E:\mysql-8.0.20-winx64\bin;E:\graphviz-2.40.1\windows\bin;C:\Program Files\NVIDIA Corporation\NVSMI;E:\WinSCP\;C:\Program Files\MySQL\MySQL Server 5.5\bin;C:\WINDOWS\system32;C:\WINDOWS;C:\WINDOWS\System32\Wbem;C:\WINDOWS\System32\WindowsPowerShell\v1.0\;C:\WINDOWS\System32\OpenSSH\;E:\apache-ant-1.10.10\bin\;C:\Users\THINKPAD\AppData\Local\Microsoft\WindowsApps;E:\python\pycharm\PyCharm 2018.3.5\bin;E:\py2;C:\Users\THINKPAD\AppData\Roaming\npm;E:\Graphviz\bin;E:\Microsoft VS Code\bin;C:\Program Files\NVIDIA GPU Computing Toolkit\CUDA\v10.1\bin;C:\Users\THINKPAD\AppData\Local\GitHubDesktop\bin;D:\texlive2020\2020\bin\win32;C:\Users\THINKPAD\.dotnet\tools;E:\IDEA\IntelliJ IDEA 2020.2.2\bin;;C:\Users\THINKPAD\AppData\Local\Microsoft\WindowsApps;;." />
    <property name="java.vendor" value="Oracle Corporation" />
    <property name="java.vm.info" value="mixed mode" />
    <property name="java.vm.version" value="11.0.2+9-LTS" />
    <property name="test.path" value="src/com/test" />
    <property name="sun.io.unicode.encoding" value="UnicodeLittle" />
    <property name="java.class.version" value="55.0" />
    <property name="ant.project.default-target" value="junit" />
  </properties>
  <testcase classname="com.test.CalculatorTest" name="substract" time="0.0" />
  <testcase classname="com.test.CalculatorTest" name="square" time="0.0" />
  <testcase classname="com.test.CalculatorTest" name="squareRoot" time="0.0" />
  <testcase classname="com.test.CalculatorTest" name="getResult" time="0.0" />
  <testcase classname="com.test.CalculatorTest" name="add" time="0.0" />
  <testcase classname="com.test.CalculatorTest" name="clear" time="0.0" />
  <testcase classname="com.test.CalculatorTest" name="divide" time="0.0" />
  <testcase classname="com.test.CalculatorTest" name="multiply" time="0.0" />
  <system-out><![CDATA[test substract
test square
test superRoot
test Result
test add
test clear
test divide
test multiply
]]></system-out>
  <system-err><![CDATA[]]></system-err>
</testsuite>
